\BOOKMARK [0][-]{section*.1}{Contents}{}
\BOOKMARK [0][-]{chapter.1}{Copyright and other details}{}
\BOOKMARK [1][-]{section*.2}{Copyright}{chapter.1}
\BOOKMARK [-1][-]{part.1}{Introductions}{}
\BOOKMARK [0][-]{chapter.2}{Translator's Introduction}{part.1}
\BOOKMARK [1][-]{section*.4}{I}{chapter.2}
\BOOKMARK [1][-]{section*.5}{II}{chapter.2}
\BOOKMARK [1][-]{section*.6}{III}{chapter.2}
\BOOKMARK [0][-]{chapter.3}{Introduction}{part.1}
\BOOKMARK [-1][-]{part.2}{Book I: The Loss of Friends}{}
\BOOKMARK [0][-]{chapter.4}{The Wedge-Pulling Monkey}{part.2}
\BOOKMARK [0][-]{chapter.5}{The Jackal and the War-Drum}{part.2}
\BOOKMARK [0][-]{chapter.6}{Merchant Strong-Tooth}{part.2}
\BOOKMARK [0][-]{chapter.7}{Godly and June}{part.2}
\BOOKMARK [0][-]{chapter.8}{The Jackal at the Ram-fight}{part.2}
\BOOKMARK [0][-]{chapter.9}{The Weaver's Wife}{part.2}
\BOOKMARK [0][-]{chapter.10}{How the Crow-Hen Killed the Black Snake}{part.2}
\BOOKMARK [0][-]{chapter.11}{The Heron That Liked Crab-Meat}{part.2}
\BOOKMARK [0][-]{chapter.12}{Numskull and the Rabbit}{part.2}
\BOOKMARK [0][-]{chapter.13}{The Weaver Who Loved a Princess}{part.2}
\BOOKMARK [0][-]{chapter.14}{The Ungrateful Man}{part.2}
\BOOKMARK [0][-]{chapter.15}{Leap and Creep}{part.2}
\BOOKMARK [0][-]{chapter.16}{The Blue Jackal}{part.2}
\BOOKMARK [0][-]{chapter.17}{Passion and the Owl}{part.2}
\BOOKMARK [0][-]{chapter.18}{Ugly's Trust Abused}{part.2}
\BOOKMARK [0][-]{chapter.19}{The Lion and the Carpenter}{part.2}
\BOOKMARK [0][-]{chapter.20}{The Plover Who Fought the Ocean}{part.2}
\BOOKMARK [0][-]{chapter.21}{Shell-Neck, Slim, and Grim}{part.2}
\BOOKMARK [0][-]{chapter.22}{Forethought, Readywit, and Fatalist}{part.2}
\BOOKMARK [0][-]{chapter.23}{The Duel Between Elephant and Sparrow}{part.2}
\BOOKMARK [0][-]{chapter.24}{The Shrewd Old Gander}{part.2}
\BOOKMARK [0][-]{chapter.25}{The Lion and the Ram}{part.2}
\BOOKMARK [0][-]{chapter.26}{Smart, the Jackal}{part.2}
\BOOKMARK [0][-]{chapter.27}{The Monk Who Left His Body Behind}{part.2}
\BOOKMARK [0][-]{chapter.28}{The Girl Who Married a Snake}{part.2}
\BOOKMARK [0][-]{chapter.29}{Poor Blossom}{part.2}
\BOOKMARK [0][-]{chapter.30}{The Unteachable Monkey}{part.2}
\BOOKMARK [0][-]{chapter.31}{Right-Mind and Wrong-Mind}{part.2}
\BOOKMARK [0][-]{chapter.32}{A Remedy Worse Than the Disease}{part.2}
\BOOKMARK [0][-]{chapter.33}{The Mice That Ate Iron}{part.2}
\BOOKMARK [0][-]{chapter.34}{The Results of Education}{part.2}
\BOOKMARK [0][-]{chapter.35}{The Sensible Enemy}{part.2}
\BOOKMARK [0][-]{chapter.36}{The Foolish Friend}{part.2}
\BOOKMARK [-1][-]{part.3}{Book II: The Winning Of Friends}{}
\BOOKMARK [0][-]{chapter.37}{The Bharunda Birds}{part.3}
\BOOKMARK [0][-]{chapter.38}{Gold's Gloom}{part.3}
\BOOKMARK [0][-]{chapter.39}{Mother Shandilee's Bargain}{part.3}
\BOOKMARK [0][-]{chapter.40}{Self-Defeating Forethought}{part.3}
\BOOKMARK [0][-]{chapter.41}{Mister Duly}{part.3}
\BOOKMARK [0][-]{chapter.42}{Soft, the Weaver}{part.3}
\BOOKMARK [0][-]{chapter.43}{Hang-Ball and Greedy}{part.3}
\BOOKMARK [0][-]{chapter.44}{The Mice That Set Elephants Free}{part.3}
\BOOKMARK [0][-]{chapter.45}{Spot's Captivity}{part.3}
\BOOKMARK [-1][-]{part.4}{Book III: Crows and Owls}{}
\BOOKMARK [0][-]{chapter.46}{How the Birds Picked a King}{part.4}
\BOOKMARK [0][-]{chapter.47}{How the Rabbit Fooled the Elephant}{part.4}
\BOOKMARK [0][-]{chapter.48}{The Cats Judgment}{part.4}
\BOOKMARK [0][-]{chapter.49}{The Brahman's Goat}{part.4}
\BOOKMARK [0][-]{chapter.50}{The Snake and the Ants}{part.4}
\BOOKMARK [0][-]{chapter.51}{The Snake who Paid Cash}{part.4}
\BOOKMARK [0][-]{chapter.52}{The Unsocial Swans}{part.4}
\BOOKMARK [0][-]{chapter.53}{The Self-Sacrificing Dove}{part.4}
\BOOKMARK [0][-]{chapter.54}{The Old Man With the Young Wife}{part.4}
\BOOKMARK [0][-]{chapter.55}{The Brahman, the Thief, and the Ghost}{part.4}
\BOOKMARK [0][-]{chapter.56}{The Snake in the Prince's Belly}{part.4}
\BOOKMARK [0][-]{chapter.57}{The Gullible Carpenter}{part.4}
\BOOKMARK [0][-]{chapter.58}{Mouse-Maid Made Mouse}{part.4}
\BOOKMARK [0][-]{chapter.59}{The Bird With Golden Dung}{part.4}
\BOOKMARK [0][-]{chapter.60}{The Cave That Talked}{part.4}
\BOOKMARK [0][-]{chapter.61}{The Frogs That Rode Snakeback}{part.4}
\BOOKMARK [0][-]{chapter.62}{The Butter-Blinded Brahman}{part.4}
\BOOKMARK [-1][-]{part.5}{Book IV: Loss of Gains}{}
\BOOKMARK [0][-]{chapter.63}{The Monkey and the Crocodile}{part.5}
\BOOKMARK [0][-]{chapter.64}{Handsome and Theodore}{part.5}
\BOOKMARK [0][-]{chapter.65}{Flop-Ear and Dusty}{part.5}
\BOOKMARK [0][-]{chapter.66}{The Potter Militant}{part.5}
\BOOKMARK [0][-]{chapter.67}{The Jackal Who Killed No Elephants}{part.5}
\BOOKMARK [0][-]{chapter.68}{The Ungrateful Wife}{part.5}
\BOOKMARK [0][-]{chapter.69}{King Joy and Secretary Splendor}{part.5}
\BOOKMARK [0][-]{chapter.70}{The Ass in the Tiger-Skin}{part.5}
\BOOKMARK [0][-]{chapter.71}{The Farmer's Wife}{part.5}
\BOOKMARK [0][-]{chapter.72}{The Pert Hen-Sparrow}{part.5}
\BOOKMARK [0][-]{chapter.73}{How Supersmart Ate the Elephant}{part.5}
\BOOKMARK [0][-]{chapter.74}{The Dog Who Went Abroad}{part.5}
\BOOKMARK [-1][-]{part.6}{Book V: Ill-Considered Action}{}
\BOOKMARK [0][-]{chapter.75}{The Loyal Mungoose}{part.6}
\BOOKMARK [0][-]{chapter.76}{The Four Treasure-Seekers}{part.6}
\BOOKMARK [0][-]{chapter.77}{The Lion-Makers}{part.6}
\BOOKMARK [0][-]{chapter.78}{Hundred-Wit, Thousand-Wit, and Single-Wit}{part.6}
\BOOKMARK [0][-]{chapter.79}{The Musical Donkey}{part.6}
\BOOKMARK [0][-]{chapter.80}{Slow, the Weaver}{part.6}
\BOOKMARK [0][-]{chapter.81}{The Brahman's Dream}{part.6}
\BOOKMARK [0][-]{chapter.82}{The Unforgiving Monkey}{part.6}
\BOOKMARK [0][-]{chapter.83}{The Credulous Fiend}{part.6}
\BOOKMARK [0][-]{chapter.84}{The Three-Breasted Princess}{part.6}
\BOOKMARK [0][-]{chapter.85}{The Fiend who Washed His Feet}{part.6}
